d:\documents\github\blok\blok\x64\debug\vc120.pdb
d:\documents\github\blok\blok\x64\debug\vc120.idb
d:\documents\github\blok\blok\x64\debug\perlinnoise.obj
d:\documents\github\blok\blok\x64\debug\chunk.obj
d:\documents\github\blok\blok\x64\debug\main.obj
d:\documents\github\blok\blok\x64\debug\shader.obj
d:\documents\github\blok\blok\x64\debug\textureloader.obj
d:\documents\github\blok\blok\x64\debug\noise_lut.obj
d:\documents\github\blok\blok\x64\debug\noise_gen.obj
d:\documents\github\blok\blok\x64\debug\rasterization.obj
d:\documents\github\blok\blok\x64\debug\rgbablend.obj
d:\documents\github\blok\blok\x64\debug\rgbablendops.obj
d:\documents\github\blok\blok\x64\debug\rgbacolorops.obj
d:\documents\github\blok\blok\x64\debug\rgbacomposechannels.obj
d:\documents\github\blok\blok\x64\debug\rgbaconstant.obj
d:\documents\github\blok\blok\x64\debug\rgbacurve.obj
d:\documents\github\blok\blok\x64\debug\rgbahsvtorgba.obj
d:\documents\github\blok\blok\x64\debug\rgbaimplicitgrayscale.obj
d:\documents\github\blok\blok\x64\debug\rgbanormalize.obj
d:\documents\github\blok\blok\x64\debug\rgbargbatohsv.obj
d:\documents\github\blok\blok\x64\debug\rgbarotatecolor.obj
d:\documents\github\blok\blok\x64\debug\rgbaselect.obj
d:\documents\github\blok\blok\x64\debug\implicitfractal.obj
d:\documents\github\blok\blok\x64\debug\implicitfunctiongradient.obj
d:\documents\github\blok\blok\x64\debug\implicitgain.obj
d:\documents\github\blok\blok\x64\debug\implicitgradient.obj
d:\documents\github\blok\blok\x64\debug\implicitmodulebase.obj
d:\documents\github\blok\blok\x64\debug\implicitpow.obj
d:\documents\github\blok\blok\x64\debug\implicitrgbadotproduct.obj
d:\documents\github\blok\blok\x64\debug\implicitrotatedomain.obj
d:\documents\github\blok\blok\x64\debug\implicitsawtooth.obj
d:\documents\github\blok\blok\x64\debug\implicitscaledomain.obj
d:\documents\github\blok\blok\x64\debug\implicitscaleoffset.obj
d:\documents\github\blok\blok\x64\debug\implicitselect.obj
d:\documents\github\blok\blok\x64\debug\implicitsin.obj
d:\documents\github\blok\blok\x64\debug\implicitsphere.obj
d:\documents\github\blok\blok\x64\debug\implicittiers.obj
d:\documents\github\blok\blok\x64\debug\implicittranslatedomain.obj
d:\documents\github\blok\blok\x64\debug\implicittriangle.obj
d:\documents\github\blok\blok\x64\debug\arrayoperations.obj
d:\documents\github\blok\blok\x64\debug\cellulargen.obj
d:\documents\github\blok\blok\x64\debug\hsv.obj
d:\documents\github\blok\blok\x64\debug\implicitautocorrect.obj
d:\documents\github\blok\blok\x64\debug\implicitbasisfunction.obj
d:\documents\github\blok\blok\x64\debug\implicitbias.obj
d:\documents\github\blok\blok\x64\debug\implicitblend.obj
d:\documents\github\blok\blok\x64\debug\implicitbrightcontrast.obj
d:\documents\github\blok\blok\x64\debug\implicitcache.obj
d:\documents\github\blok\blok\x64\debug\implicitcellular.obj
d:\documents\github\blok\blok\x64\debug\implicitclamp.obj
d:\documents\github\blok\blok\x64\debug\implicitcombiner.obj
d:\documents\github\blok\blok\x64\debug\implicitconstant.obj
d:\documents\github\blok\blok\x64\debug\implicitcos.obj
d:\documents\github\blok\blok\x64\debug\implicitcurve.obj
d:\documents\github\blok\blok\x64\debug\implicitextractrgbachannel.obj
d:\documents\github\blok\blok\x64\debug\implicitfloor.obj
d:\documents\github\blok\blok\x64\debug\mapping.obj
d:\documents\github\blok\blok\x64\debug\implicitmagnitude.obj
d:\documents\github\blok\blok\x64\debug\implicitnormalizecoords.obj
d:\documents\github\blok\blok\x64\debug\fractalnoise.obj
d:\documents\github\blok\blok\x64\debug\skybox.obj
d:\documents\github\blok\blok\x64\debug\actor.obj
d:\documents\github\blok\blok\x64\debug\pawn.obj
d:\documents\github\blok\blok\x64\debug\player.obj
d:\documents\github\blok\blok\x64\debug\world.obj
d:\documents\github\blok\blok\x64\debug\block.obj
d:\documents\github\blok\blok\x64\debug\game.obj
d:\documents\github\blok\blok\x64\debug\inputmgr.obj
d:\documents\github\blok\blok\x64\debug\zzmain.obj
d:\documents\github\blok\blok\x64\debug\windowmgr.obj
d:\documents\github\blok\blok\x64\debug\worldbuilder.obj
d:\documents\github\blok\blok\x64\debug\worldrenderer.obj
d:\documents\github\blok\blok\x64\debug\errorhandler.obj
d:\documents\github\blok\blok\x64\debug\time.obj
d:\documents\github\blok\blok\x64\debug\modelloader.obj
d:\documents\github\blok\blok\x64\debug\renderer.obj
d:\documents\github\blok\x64\debug\blok.ilk
d:\documents\github\blok\x64\debug\blok.exe
d:\documents\github\blok\x64\debug\blok.pdb
d:\documents\github\blok\blok\x64\debug\blok.obj
d:\documents\github\blok\blok\x64\debug\zzzmain.obj
d:\documents\github\blok\blok\x64\debug\blok.tlog\cl.command.1.tlog
d:\documents\github\blok\blok\x64\debug\blok.tlog\cl.read.1.tlog
d:\documents\github\blok\blok\x64\debug\blok.tlog\cl.write.1.tlog
d:\documents\github\blok\blok\x64\debug\blok.tlog\link.command.1.tlog
d:\documents\github\blok\blok\x64\debug\blok.tlog\link.read.1.tlog
d:\documents\github\blok\blok\x64\debug\blok.tlog\link.write.1.tlog
